<?xml version="1.0" encoding="UTF-8"?>
<testsuite name="com.heroku.restfulbooker.PatchUsersTest" tests="1" skipped="0" failures="0" errors="0" timestamp="2020-08-26T14:54:41" hostname="INMSNSHhithaMBP" time="2.793">
  <properties/>
  <testcase name="testPatchUsers" classname="com.heroku.restfulbooker.PatchUsersTest" time="2.793"/>
  <system-out><![CDATA[{"name":"morpheus","job":"Zion resident","updatedAt":"2020-08-26T14:54:43.034Z"}
]]></system-out>
  <system-err><![CDATA[]]></system-err>
</testsuite>
